2017-09-04 20:49:49,320 [1] INFO  MyGameServer.MyGameServer - SetUp Completed!
2017-09-04 20:49:49,333 [1] INFO  MyGameServer.MyGameServer - MapInit Start!
2017-09-04 20:49:49,335 [1] INFO  MyGameServer.MyGameServer - SaveMapSize Start
2017-09-04 20:49:49,336 [1] INFO  MyGameServer.MyGameServer - MapSize初始化成功
2017-09-04 20:49:49,346 [1] INFO  MyGameServer.MyGameServer - SaveTiledSize Start
2017-09-04 20:49:49,346 [1] INFO  MyGameServer.MyGameServer - TiledSize初始化成功
2017-09-04 20:49:49,346 [1] INFO  MyGameServer.MyGameServer - SaveMapTiledNum Start
2017-09-04 20:49:49,346 [1] INFO  MyGameServer.MyGameServer - MapTiledNum初始化成功
2017-09-04 20:49:49,347 [1] INFO  MyGameServer.MyGameServer - SaveArrayTiled Start
2017-09-04 20:49:49,358 [1] INFO  MyGameServer.MyGameServer - Tiled初始化成功
2017-09-04 20:49:49,405 [1] INFO  Photon.SocketServer.ApplicationBase - Application start: AppId=MyGame1; AppPath=D:\Mygame\MyGame\deploy\MyGameServer, Type=MyGameServer.MyGameServer 
2017-09-04 20:49:51,328 [13] INFO  MyGameServer.MyGameServer - 一个客户端连接进来了
2017-09-04 20:49:58,165 [6] INFO  MyGameServer.MyGameServer - 1
2017-09-04 20:50:00,100 [6] INFO  NHibernate.Cfg.Environment - NHibernate 4.1.1.GA (assembly 4.1.0.4000)
2017-09-04 20:50:00,106 [6] INFO  NHibernate.Cfg.Environment - hibernate-configuration section not found in application configuration file
2017-09-04 20:50:00,107 [6] INFO  NHibernate.Cfg.Environment - Bytecode provider name : lcg
2017-09-04 20:50:00,159 [6] INFO  NHibernate.Cfg.Environment - Using reflection optimizer
2017-09-04 20:50:00,611 [6] INFO  NHibernate.Cfg.Configuration - Searching for mapped documents in assembly: MyGameServer
2017-09-04 20:50:00,614 [6] INFO  NHibernate.Cfg.Configuration - Mapping resource: MyGameServer.Mappings.User.hbm.xml
2017-09-04 20:50:02,498 [6] INFO  NHibernate.Dialect.Dialect - Using dialect: NHibernate.Dialect.MySQL5Dialect
2017-09-04 20:50:02,749 [6] INFO  NHibernate.Cfg.XmlHbmBinding.Binder - Mapping class: MyGameServer.Model.User -> users
2017-09-04 20:50:02,982 [6] INFO  NHibernate.Cfg.Configuration - checking mappings queue
2017-09-04 20:50:02,982 [6] INFO  NHibernate.Cfg.Configuration - processing one-to-many association mappings
2017-09-04 20:50:02,982 [6] INFO  NHibernate.Cfg.Configuration - processing one-to-one association property references
2017-09-04 20:50:02,982 [6] INFO  NHibernate.Cfg.Configuration - processing foreign key constraints
2017-09-04 20:50:02,992 [6] INFO  NHibernate.Cfg.Configuration - processing filters (second pass)
2017-09-04 20:50:03,119 [6] INFO  NHibernate.Dialect.Dialect - Using dialect: NHibernate.Dialect.MySQL5Dialect
2017-09-04 20:50:03,157 [6] INFO  NHibernate.Dialect.Dialect - Using dialect: NHibernate.Dialect.MySQL5Dialect
2017-09-04 20:50:03,563 [6] INFO  NHibernate.Exceptions.SQLExceptionConverterFactory - Using dialect defined converter
2017-09-04 20:50:03,564 [6] INFO  NHibernate.Cfg.SettingsFactory - Generate SQL with comments: disabled
2017-09-04 20:50:03,566 [6] INFO  NHibernate.Connection.ConnectionProviderFactory - Initializing connection provider: NHibernate.Connection.DriverConnectionProvider
2017-09-04 20:50:03,568 [6] INFO  NHibernate.Connection.ConnectionProvider - Configuring ConnectionProvider
2017-09-04 20:50:03,901 [6] INFO  NHibernate.Cfg.SettingsFactory - Transaction factory: NHibernate.Transaction.AdoNetWithDistributedTransactionFactory
2017-09-04 20:50:03,901 [6] INFO  NHibernate.Cfg.SettingsFactory - Optimize cache for minimal puts: False
2017-09-04 20:50:03,901 [6] INFO  NHibernate.Cfg.SettingsFactory - Connection release mode: auto
2017-09-04 20:50:03,901 [6] INFO  NHibernate.Cfg.SettingsFactory - Default batch fetch size: 1
2017-09-04 20:50:03,901 [6] INFO  NHibernate.Cfg.SettingsFactory - echoing all SQL to stdout
2017-09-04 20:50:03,901 [6] INFO  NHibernate.Cfg.SettingsFactory - Statistics: disabled
2017-09-04 20:50:03,901 [6] INFO  NHibernate.Cfg.SettingsFactory - Deleted entity synthetic identifier rollback: disabled
2017-09-04 20:50:03,902 [6] INFO  NHibernate.Cfg.SettingsFactory - Query translator: NHibernate.Hql.Ast.ANTLR.ASTQueryTranslatorFactory
2017-09-04 20:50:03,936 [6] INFO  NHibernate.Cfg.SettingsFactory - Query provider: NHibernate.Linq.DefaultQueryProvider
2017-09-04 20:50:03,939 [6] INFO  NHibernate.Cfg.SettingsFactory - Query language substitutions: {}
2017-09-04 20:50:03,941 [6] INFO  NHibernate.Cfg.SettingsFactory - cache provider: NHibernate.Cache.NoCacheProvider, NHibernate, Version=4.1.0.4000, Culture=neutral, PublicKeyToken=aa95f207798dfdb4
2017-09-04 20:50:03,942 [6] INFO  NHibernate.Cfg.SettingsFactory - Order SQL inserts for batching: disabled
2017-09-04 20:50:03,942 [6] INFO  NHibernate.Cfg.SettingsFactory - Order SQL updates for batching: disabled
2017-09-04 20:50:03,943 [6] INFO  NHibernate.Cfg.SettingsFactory - Batcher factory: NHibernate.AdoNet.NonBatchingBatcherFactory, NHibernate, Version=4.1.0.4000, Culture=neutral, PublicKeyToken=aa95f207798dfdb4
2017-09-04 20:50:03,943 [6] INFO  NHibernate.Cfg.SettingsFactory - Default flush mode: Auto
2017-09-04 20:50:03,943 [6] INFO  NHibernate.Cfg.SettingsFactory - Default entity-mode: Poco
2017-09-04 20:50:03,943 [6] INFO  NHibernate.Cfg.SettingsFactory - Named query checking : enabled
2017-09-04 20:50:03,943 [6] INFO  NHibernate.Cfg.SettingsFactory - Ignoring exceptions in BeforeTransactionCompletion : disabled
2017-09-04 20:50:04,035 [6] INFO  NHibernate.Impl.SessionFactoryImpl - building session factory
2017-09-04 20:50:08,804 [6] INFO  NHibernate.Impl.SessionFactoryObjectFactory - no name configured
2017-09-04 20:50:09,356 [6] INFO  NHibernate.Loader.Loader - SELECT this_.id as id1_0_0_, this_.username as userna2_0_0_, this_.password as passwo3_0_0_, this_.registerdate as regist4_0_0_ FROM users this_ WHERE this_.username = ?p0
2017-09-04 20:50:10,241 [11] INFO  MyGameServer.MyGameServer - 0
2017-09-04 20:50:10,243 [11] INFO  NHibernate.Loader.Loader - SELECT this_.id as id1_0_0_, this_.username as userna2_0_0_, this_.password as passwo3_0_0_, this_.registerdate as regist4_0_0_ FROM users this_ WHERE this_.username = ?p0 and this_.password = ?p1
2017-09-04 20:50:10,323 [11] INFO  NHibernate.Loader.Loader - SELECT this_.id as id1_0_0_, this_.username as userna2_0_0_, this_.password as passwo3_0_0_, this_.registerdate as regist4_0_0_ FROM users this_ WHERE this_.username = ?p0
2017-09-04 20:50:10,328 [11] INFO  MyGameServer.MyGameServer - 一个玩家进入等待
2017-09-04 20:51:59,052 [6] INFO  MyGameServer.MyGameServer - 一个客户端连接进来了
2017-09-04 20:52:15,852 [12] INFO  MyGameServer.MyGameServer - 0
2017-09-04 20:52:15,854 [12] INFO  NHibernate.Loader.Loader - SELECT this_.id as id1_0_0_, this_.username as userna2_0_0_, this_.password as passwo3_0_0_, this_.registerdate as regist4_0_0_ FROM users this_ WHERE this_.username = ?p0 and this_.password = ?p1
2017-09-04 20:52:15,856 [12] INFO  NHibernate.Loader.Loader - SELECT this_.id as id1_0_0_, this_.username as userna2_0_0_, this_.password as passwo3_0_0_, this_.registerdate as regist4_0_0_ FROM users this_ WHERE this_.username = ?p0
2017-09-04 20:52:15,857 [12] INFO  MyGameServer.MyGameServer - 一个玩家进入等待
2017-09-04 20:52:48,501 [13] INFO  MyGameServer.MyGameServer - 1
2017-09-04 20:52:48,502 [13] INFO  NHibernate.Loader.Loader - SELECT this_.id as id1_0_0_, this_.username as userna2_0_0_, this_.password as passwo3_0_0_, this_.registerdate as regist4_0_0_ FROM users this_ WHERE this_.username = ?p0
2017-09-04 20:53:53,156 [12] INFO  MyGameServer.MyGameServer - 一个客户端连接进来了
2017-09-04 20:54:04,398 [12] INFO  MyGameServer.MyGameServer - 1
2017-09-04 20:54:04,399 [12] INFO  NHibernate.Loader.Loader - SELECT this_.id as id1_0_0_, this_.username as userna2_0_0_, this_.password as passwo3_0_0_, this_.registerdate as regist4_0_0_ FROM users this_ WHERE this_.username = ?p0
