48828: 08:58:21.394 - Service is stopped...
48828: 08:58:21.412 - Server shutting down...
48828: 08:58:21.412 - Shutdown monitoring enabled, 30000ms before process abort
48828: 08:58:21.412 - Notifying CLR applications of shutdown...
48828: 08:58:21.412 - RequestApplicationStop: 2
48828: 08:58:21.421 - RequestStop: defalt app domain
48828: 08:58:21.423 - Shutting down WebSocket Outbound Connection Manager...
48828: 08:58:21.423 - Shutting down TCP Outbound Connection Manager...
48828: 08:58:21.423 - Shutting down ENet Outbound Connection Manager...
48828: 08:58:21.423 - Disconnecting all outbound peers...
48828: 08:58:21.423 - Shutting down ENet host...
48828: 08:58:21.423 - Disconnecting all peers...
48828: 08:58:21.423 - Shutting down socket servers...
48828: 08:58:21.423 - Shutting down ENet thread pool...
48828: 08:58:21.423 - Shutting down TCP inactivity timers...
48828: 08:58:21.423 - WaitingForShutdownToComplete: TCP:0.0.0.0:4530
48828: 08:58:21.423 - OnShutdownCompleted: TCP:0.0.0.0:4530
48828: 08:58:21.423 - WaitingForShutdownToComplete: UDP:10.2.18.34:5055
48828: 08:58:21.423 - OnShutdownCompleted: UDP:10.2.18.34:5055
48828: 08:58:21.423 - WaitingForShutdownToComplete: UDP:127.0.0.1:5055
48828: 08:58:21.423 - OnShutdownCompleted: UDP:127.0.0.1:5055
48828: 08:58:21.423 - Shutting down CLR applications...
48828: 08:58:21.425 - Shutting down business logic thread pool...
49020: 08:58:21.425 - CManagedHost::OnDefaultAction() - OPR_AppDomainUnload - eUnloadAppDomain
48828: 08:58:21.425 - Shutting down I/O thread pool...
48828: 08:58:21.425 - Destroying servers
48828: 08:58:21.425 - Destroying WebSocket Outbound Connection Manager
48828: 08:58:21.425 - Destroying TCP Outbound Connection Manager
48828: 08:58:21.425 - Destroying TCP inactivity timer
48828: 08:58:21.425 - Destroying ENet timer wheel
48828: 08:58:21.425 - Destroying ENet host
48828: 08:58:21.425 - Destroying ENet outbound host
48828: 08:58:21.425 - Destroying HTTP inactivity timer
48828: 08:58:21.425 - Destroying HTTP host
48828: 08:58:21.425 - Destroying HTTP Chunk host
48828: 08:58:21.425 - Flushing ENET buffer allocator...
48828: 08:58:21.426 - Flushing TCP buffer handle allocator...
48828: 08:58:21.426 - Flushing stream socket allocator...
48828: 08:58:21.426 - Flushing inbound datagram socket allocator...
48828: 08:58:21.427 - Flushing outbound datagram socket allocator...
48828: 08:58:21.427 - Destroying CLR dispatcher
48828: 08:58:21.427 - Destroying CLR applications
48828: 08:58:21.427 - ~CCLRApplicationCollection() - Waiting up to 10 seconds for the CLR to release all of our objects
46404: 08:58:21.430 - Unloading Domain: ApplicationName = 'MyGame1', DomainId='2'
49020: 08:58:21.430 - CManagedHost::OnDomainUnload() - 2
48828: 08:58:21.434 - ~CCLRApplicationCollection() - Done. All objects released
48828: 08:58:21.434 - ~CManagedHost() - Release default app domain
48828: 08:58:21.434 - CManagedHost::OnDomainUnload() - 1
48828: 08:58:21.434 - ~CManagedHost() - Waiting up to 10 seconds for CLR shutdown...
48828: 08:58:21.454 - ~CManagedHost
48828: 08:58:21.454 - Destroying ENet thread pool
48828: 08:58:21.455 - Destroying Business logic thread pool
48828: 08:58:21.455 - Destroying I/O thread pool
48828: 08:58:21.455 - Destroying ENet buffer allocator
48828: 08:58:21.455 - Destroying TCP buffer allocator
48828: 08:58:21.455 - Destroying TCP socket allocator
48828: 08:58:21.455 - Destroying ENet inbound socket allocator
48828: 08:58:21.455 - Destroying ENet outbound socket allocator
48828: 08:58:21.455 - Destroying shared datagram flow control data
48828: 08:58:21.455 - Shutdown complete...
48828: 08:58:21.455 - Service shutting down
48828: 08:58:21.456 - Service shut down complete
