18436: 11:47:52.529 - FAILED license server contact - trying next URL.
20772: 16:26:15.171 - Service is stopped...
20772: 16:26:15.183 - Server shutting down...
20772: 16:26:15.183 - Shutdown monitoring enabled, 30000ms before process abort
20772: 16:26:15.183 - Notifying CLR applications of shutdown...
20772: 16:26:15.207 - RequestApplicationStop: 2
20772: 16:26:16.501 - RequestStop: defalt app domain
20772: 16:26:16.685 - Shutting down WebSocket Outbound Connection Manager...
20772: 16:26:16.709 - Shutting down TCP Outbound Connection Manager...
20772: 16:26:16.721 - Shutting down ENet Outbound Connection Manager...
20772: 16:26:16.727 - Disconnecting all outbound peers...
20772: 16:26:16.727 - Shutting down ENet host...
20772: 16:26:16.727 - Disconnecting all peers...
20772: 16:26:16.727 - Shutting down socket servers...
20772: 16:26:16.727 - Shutting down ENet thread pool...
20772: 16:26:16.737 - Shutting down TCP inactivity timers...
20772: 16:26:16.821 - WaitingForShutdownToComplete: TCP:0.0.0.0:4530
20772: 16:26:16.821 - OnShutdownCompleted: TCP:0.0.0.0:4530
20772: 16:26:16.821 - WaitingForShutdownToComplete: UDP:10.2.18.34:5055
20772: 16:26:16.821 - OnShutdownCompleted: UDP:10.2.18.34:5055
20772: 16:26:16.821 - WaitingForShutdownToComplete: UDP:127.0.0.1:5055
20772: 16:26:16.821 - OnShutdownCompleted: UDP:127.0.0.1:5055
20772: 16:26:16.822 - Shutting down CLR applications...
20772: 16:26:16.875 - Shutting down business logic thread pool...
20772: 16:26:16.939 - Shutting down I/O thread pool...
20260: 16:26:16.945 - CManagedHost::OnDefaultAction() - OPR_AppDomainUnload - eUnloadAppDomain
20772: 16:26:16.960 - Destroying servers
20772: 16:26:17.018 - Destroying WebSocket Outbound Connection Manager
20772: 16:26:17.018 - Destroying TCP Outbound Connection Manager
20772: 16:26:17.018 - Destroying TCP inactivity timer
20772: 16:26:17.018 - Destroying ENet timer wheel
20772: 16:26:17.018 - Destroying ENet host
20772: 16:26:17.071 - Destroying ENet outbound host
20772: 16:26:17.071 - Destroying HTTP inactivity timer
20772: 16:26:17.071 - Destroying HTTP host
20772: 16:26:17.071 - Destroying HTTP Chunk host
20772: 16:26:17.071 - Flushing ENET buffer allocator...
20772: 16:26:17.103 - Flushing TCP buffer handle allocator...
20772: 16:26:17.103 - Flushing stream socket allocator...
20772: 16:26:17.103 - Flushing inbound datagram socket allocator...
17508: 16:26:17.114 - Unloading Domain: ApplicationName = 'MyGame1', DomainId='2'
20772: 16:26:17.119 - Flushing outbound datagram socket allocator...
20772: 16:26:17.119 - Destroying CLR dispatcher
20772: 16:26:17.119 - Destroying CLR applications
20772: 16:26:17.141 - ~CCLRApplicationCollection() - Waiting up to 10 seconds for the CLR to release all of our objects
20260: 16:26:17.160 - CManagedHost::OnDomainUnload() - 2
20772: 16:26:17.198 - ~CCLRApplicationCollection() - Done. All objects released
20772: 16:26:17.198 - ~CManagedHost() - Release default app domain
20772: 16:26:17.198 - CManagedHost::OnDomainUnload() - 1
20772: 16:26:17.198 - ~CManagedHost() - Waiting up to 10 seconds for CLR shutdown...
20772: 16:26:17.257 - ~CManagedHost
20772: 16:26:17.257 - Destroying ENet thread pool
20772: 16:26:17.257 - Destroying Business logic thread pool
20772: 16:26:17.257 - Destroying I/O thread pool
20772: 16:26:17.257 - Destroying ENet buffer allocator
20772: 16:26:17.257 - Destroying TCP buffer allocator
20772: 16:26:17.257 - Destroying TCP socket allocator
20772: 16:26:17.257 - Destroying ENet inbound socket allocator
20772: 16:26:17.257 - Destroying ENet outbound socket allocator
20772: 16:26:17.257 - Destroying shared datagram flow control data
20772: 16:26:17.268 - Shutdown complete...
20772: 16:26:17.269 - Service shutting down
20772: 16:26:17.339 - Service shut down complete
