74960: 19:33:08.111 - ---
74960: 19:33:08.111 - Service: "Photon Socket Server" starting
74960: 19:33:08.111 - Config File: D:\Photon-OnPremise-Server-SDK_v4-0-29-11263\deploy\bin_Win64\PhotonServer.config
74960: 19:33:08.226 - Will produce at most: 10 crash dumps
74960: 19:33:08.226 - Action: run as exe
74960: 19:33:08.228 - Server Starting...
74960: 19:33:08.228 -    Tick count: 867278182 (wraps in: 39.6723 days)
74960: 19:33:08.228 - Tick count 64: 867278182
74960: 19:33:08.228 - Photon Version: 4.0.28.2962
74960: 19:33:08.228 - PID: 148476
74960: 19:33:08.228 - Config File: D:\Photon-OnPremise-Server-SDK_v4-0-29-11263\deploy\bin_Win64\PhotonServer.config
74960: 19:33:08.229 - Will NOT log unimportant exceptions
74960: 19:33:08.238 - Not using performance counters as they are not currently installed. Run the service with /InstallCounters to install them.
74960: 19:33:08.239 - Shutdown timeout enabled: 30000ms
74960: 19:33:08.240 - Starting I/O thread pool with 2 threads
74960: 19:33:08.241 - Using Standard allocator
74960: 19:33:08.241 - Max message size: 512000
74960: 19:33:08.242 - Starting business logic thread pool with the following settings
74960: 19:33:08.242 - InitialThreads: 4 threads
74960: 19:33:08.242 - MinThreads: 4 threads
74960: 19:33:08.242 - Thread pool is fixed size
74960: 19:33:08.243 - Starting ENet thread pool with the following settings
74960: 19:33:08.243 - InitialThreads: 2 threads
74960: 19:33:08.243 - MinThreads: 2 threads
74960: 19:33:08.243 - Thread pool is fixed size
74960: 19:33:08.243 - OnlyDispatchTimers: False
74960: 19:33:08.244 - S2S: flow control: Max pending writes: 50
74960: 19:33:08.244 - S2S: flow control: Max queued buffers: 200
74960: 19:33:08.244 - S2S: flow control: Max pending writes MUX: 500
74960: 19:33:08.244 - S2S: flow control: Max queued buffers MUX: 2000
74960: 19:33:08.244 - S2S: MaxInboundMessageSize: 512000
74960: 19:33:08.244 - S2S: MaxOutboundMessageSize: 512000
74960: 19:33:08.244 - S2S: No inactivity timeout
74960: 19:33:08.257 - WebSocket S2S: MaxInboundMessageSize: 512000
74960: 19:33:08.257 - WebSocket S2S: MaxOutboundMessageSize: 512000
74960: 19:33:08.257 - WebSocket S2S: No inactivity timeout
74960: 19:33:08.290 - Max Reliable Data In Transit (awaiting ACKs) per peer : 51200 bytes
74960: 19:33:08.290 - Per peer bandwidth limit
74960: 19:33:08.290 - Transmit Rate Limit: 256 KB/Sec
74960: 19:33:08.290 - Limit period: 200ms
74960: 19:33:08.290 - Limit per period: 52428 bytes
74960: 19:33:08.290 - Max queued data for transmission per peer: 512000 bytes
74960: 19:33:08.290 - Minimum retransmit timeout: 200
74960: 19:33:08.290 - No Maximum retransmit timeout
74960: 19:33:08.290 - Minimum ENet timeout: 5000ms
74960: 19:33:08.290 - Maximum ENet timeout: 30000ms
74960: 19:33:08.290 - Max Inbound Reliable Data Queued (awaiting resends of earlier sequence numbers) per peer : 163840 bytes
74960: 19:33:08.290 - No RTT ACK adjustment timeout
74960: 19:33:08.290 - Outbound ENet: MaxInboundMessageSize: 512000
74960: 19:33:08.290 - Outbound ENet: MaxOutboundMessageSize: 512000
74960: 19:33:08.334 - GetRuntime - About to load CLR - versions available:
74960: 19:33:08.334 - v2.0.50727
74960: 19:33:08.334 - v4.0.30319
74960: 19:33:08.334 - Configuration requests: "v2.0.50727"
74960: 19:33:08.334 - About to load version: "v2.0.50727"
74960: 19:33:08.415 - About to load runtime: PhotonHostRuntime.PhotonDomainManager from PhotonHostRuntime, Culture=neutral, PublicKeyToken=02C301B61B060C4D
74960: 19:33:08.415 - CLRBaseDirectory set to "D:\Photon-OnPremise-Server-SDK_v4-0-29-11263\deploy"
74960: 19:33:08.415 - Optimising event broadcast for 20 or more peers
74960: 19:33:08.435 - Start: About to load CLR - versions available:
74960: 19:33:08.435 - v2.0.50727
74960: 19:33:08.435 - v4.0.30319
74960: 19:33:08.435 - No preference in configuration file, will load latest.
74960: 19:33:08.435 - About to load version: "v4.0.30319"
74960: 19:33:08.543 - Loaded version: "v4.0.30319"
74960: 19:33:11.108 - Photon host runtime loaded
74960: 19:33:16.121 - License is valid.
74960: 19:33:16.121 - Licensed for 100 concurrent connections.
74960: 19:33:16.121 - ENet: Max Reliable Data In Transit (awaiting ACKs) per peer : 51200 bytes
74960: 19:33:16.121 - ENet: Per peer bandwidth limit
74960: 19:33:16.121 - ENet: Transmit Rate Limit: 256 KB/Sec
74960: 19:33:16.121 - ENet: Limit period: 200ms
74960: 19:33:16.121 - ENet: Limit per period: 52428 bytes
74960: 19:33:16.122 - ENet: Max queued data for transmission per peer: 512000 bytes
74960: 19:33:16.122 - ENet: Minimum retransmit timeout: 200
74960: 19:33:16.122 - No Maximum retransmit timeout
74960: 19:33:16.122 - ENet: Minimum timeout: 5000ms
74960: 19:33:16.122 - ENet: Maximum timeout: 30000ms
74960: 19:33:16.122 - ENet: Max Inbound Reliable Data Queued (awaiting resends of earlier sequence numbers) per peer : 163840 bytes
74960: 19:33:16.122 - No RTT ACK adjustment timeout
74960: 19:33:16.122 - About to load application: MyGame1 from MyGameServer
74960: 19:33:16.122 - Auto restart is enabled for application, existing connections will be terminated during restart
74960: 19:33:16.122 - Application will restart 1000ms after the last change detected
74960: 19:33:16.122 - Application will restart if files matching the following are changed: "dll;config"
74960: 19:33:16.122 - Application will NOT restart if files matching the following are changed: "log4net.config"
74960: 19:33:16.661 - Taking reference on default app domain
74960: 19:33:17.357 - Application: "MyGame1" started in app domain: 2
74960: 19:33:17.374 - Adding TCP listener on: 0.0.0.0: 4530 with a listen backlog of: 150
74960: 19:33:17.374 - TCP inactivity timeout: 10000ms
74960: 19:33:17.374 - TCP disconnect timeout: 120000ms
74960: 19:33:17.374 - MaxInboundMessageSize: 512000
74960: 19:33:17.374 - MaxOutboundMessageSize: 512000
74960: 19:33:17.374 - Forcing all applications ids to: "MyGame1"
74960: 19:33:17.375 - Serving policy file requests from: "D:\Photon-OnPremise-Server-SDK_v4-0-29-11263\deploy\Policy\assets\socket-policy.xml"
74960: 19:33:17.375 - Forcing all applications ids to: "MyGame1"
74960: 19:33:17.375 - MaxInboundMessageSize: 512000
74960: 19:33:17.375 - MaxOutboundMessageSize: 512000
74960: 19:33:17.375 - UDP address specified as: "0.0.0.0" adding listener to each available IPv4 address
74960: 19:33:17.376 - Adding UDP listener on: 10.2.18.34: 5055 with a listen backlog of: 500
74960: 19:33:17.376 - Adding UDP listener on: 127.0.0.1: 5055 with a listen backlog of: 500
74960: 19:33:17.409 - Service is running...
110248: 19:35:43.059 - Restarting application: "MyGame1" due to file changes
110248: 19:35:43.059 - Application: "MyGame1" restart request (abort existing connections)
110248: 19:35:43.180 - Taking reference on default app domain
110248: 19:35:43.307 - Application: "MyGame1" started in app domain: 3
110248: 19:35:43.437 - RequestApplicationStop: 2
110248: 19:35:43.441 - Application: "MyGame1" stopped in app domain: 2 (abort existing connections)
110248: 19:35:43.441 - Application: "MyGame1" restart complete.
8536: 19:35:43.441 - CManagedHost::OnDefaultAction() - OPR_AppDomainUnload - eUnloadAppDomain
156584: 19:35:43.443 - Unloading Domain: ApplicationName = 'MyGame1', DomainId='2'
8536: 19:35:43.450 - CManagedHost::OnDomainUnload() - 2
110248: 21:00:19.736 - Restarting application: "MyGame1" due to file changes
110248: 21:00:19.736 - Application: "MyGame1" restart request (abort existing connections)
110248: 21:00:19.840 - Taking reference on default app domain
110248: 21:00:19.988 - Application: "MyGame1" started in app domain: 4
110248: 21:00:20.122 - RequestApplicationStop: 3
110248: 21:00:20.126 - Application: "MyGame1" stopped in app domain: 3 (abort existing connections)
110248: 21:00:20.126 - Application: "MyGame1" restart complete.
8536: 21:00:20.126 - CManagedHost::OnDefaultAction() - OPR_AppDomainUnload - eUnloadAppDomain
156584: 21:00:20.128 - Unloading Domain: ApplicationName = 'MyGame1', DomainId='3'
8536: 21:00:20.215 - CManagedHost::OnDomainUnload() - 3
74960: 21:00:21.717 - Service is stopped...
74960: 21:00:21.717 - Server shutting down...
74960: 21:00:21.717 - Shutdown monitoring enabled, 30000ms before process abort
74960: 21:00:21.743 - Notifying CLR applications of shutdown...
74960: 21:00:21.743 - RequestApplicationStop: 4
74960: 21:00:21.757 - RequestStop: defalt app domain
74960: 21:00:21.758 - Shutting down WebSocket Outbound Connection Manager...
74960: 21:00:21.777 - Shutting down TCP Outbound Connection Manager...
74960: 21:00:21.806 - Shutting down ENet Outbound Connection Manager...
74960: 21:00:21.807 - Disconnecting all outbound peers...
74960: 21:00:21.807 - Shutting down ENet host...
74960: 21:00:21.807 - Disconnecting all peers...
74960: 21:00:21.807 - Shutting down socket servers...
74960: 21:00:21.807 - Shutting down ENet thread pool...
74960: 21:00:21.807 - Shutting down TCP inactivity timers...
74960: 21:00:21.807 - WaitingForShutdownToComplete: TCP:0.0.0.0:4530
74960: 21:00:21.807 - OnShutdownCompleted: TCP:0.0.0.0:4530
74960: 21:00:21.807 - WaitingForShutdownToComplete: UDP:10.2.18.34:5055
74960: 21:00:21.807 - OnShutdownCompleted: UDP:10.2.18.34:5055
74960: 21:00:21.807 - WaitingForShutdownToComplete: UDP:127.0.0.1:5055
74960: 21:00:21.807 - OnShutdownCompleted: UDP:127.0.0.1:5055
74960: 21:00:21.818 - Shutting down CLR applications...
74960: 21:00:21.821 - Shutting down business logic thread pool...
8536: 21:00:21.821 - CManagedHost::OnDefaultAction() - OPR_AppDomainUnload - eUnloadAppDomain
74960: 21:00:21.821 - Shutting down I/O thread pool...
74960: 21:00:21.821 - Destroying servers
74960: 21:00:21.824 - Destroying WebSocket Outbound Connection Manager
74960: 21:00:21.824 - Destroying TCP Outbound Connection Manager
74960: 21:00:21.824 - Destroying TCP inactivity timer
74960: 21:00:21.824 - Destroying ENet timer wheel
74960: 21:00:21.824 - Destroying ENet host
74960: 21:00:21.824 - Destroying ENet outbound host
74960: 21:00:21.824 - Destroying HTTP inactivity timer
74960: 21:00:21.824 - Destroying HTTP host
74960: 21:00:21.824 - Destroying HTTP Chunk host
74960: 21:00:21.824 - Flushing ENET buffer allocator...
74960: 21:00:21.824 - Flushing TCP buffer handle allocator...
74960: 21:00:21.824 - Flushing stream socket allocator...
74960: 21:00:21.824 - Flushing inbound datagram socket allocator...
74960: 21:00:21.825 - Flushing outbound datagram socket allocator...
74960: 21:00:21.825 - Destroying CLR dispatcher
74960: 21:00:21.825 - Destroying CLR applications
156584: 21:00:21.826 - Unloading Domain: ApplicationName = 'MyGame1', DomainId='4'
8536: 21:00:21.826 - CManagedHost::OnDomainUnload() - 4
74960: 21:00:21.828 - ~CCLRApplicationCollection() - Waiting up to 10 seconds for the CLR to release all of our objects
74960: 21:00:21.828 - ~CCLRApplicationCollection() - Done. All objects released
74960: 21:00:21.829 - ~CManagedHost() - Release default app domain
74960: 21:00:21.829 - CManagedHost::OnDomainUnload() - 1
74960: 21:00:21.829 - ~CManagedHost() - Waiting up to 10 seconds for CLR shutdown...
74960: 21:00:21.829 - ~CManagedHost
74960: 21:00:21.829 - Destroying ENet thread pool
74960: 21:00:21.829 - Destroying Business logic thread pool
74960: 21:00:21.829 - Destroying I/O thread pool
74960: 21:00:21.829 - Destroying ENet buffer allocator
74960: 21:00:21.829 - Destroying TCP buffer allocator
74960: 21:00:21.829 - Destroying TCP socket allocator
74960: 21:00:21.829 - Destroying ENet inbound socket allocator
74960: 21:00:21.829 - Destroying ENet outbound socket allocator
74960: 21:00:21.829 - Destroying shared datagram flow control data
74960: 21:00:21.844 - Shutdown complete...
74960: 21:00:21.844 - Service shutting down
74960: 21:00:21.855 - Service shut down complete
13920: 21:00:26.408 - ---
13920: 21:00:26.408 - Service: "Photon Socket Server" starting
13920: 21:00:26.408 - Config File: D:\Photon-OnPremise-Server-SDK_v4-0-29-11263\deploy\bin_Win64\PhotonServer.config
13920: 21:00:26.409 - Will produce at most: 10 crash dumps
13920: 21:00:26.409 - Action: run as exe
13920: 21:00:26.410 - Server Starting...
13920: 21:00:26.410 -    Tick count: 872516134 (wraps in: 39.6117 days)
13920: 21:00:26.410 - Tick count 64: 872516134
13920: 21:00:26.410 - Photon Version: 4.0.28.2962
13920: 21:00:26.410 - PID: 144800
13920: 21:00:26.410 - Config File: D:\Photon-OnPremise-Server-SDK_v4-0-29-11263\deploy\bin_Win64\PhotonServer.config
13920: 21:00:26.410 - Will NOT log unimportant exceptions
13920: 21:00:26.412 - Not using performance counters as they are not currently installed. Run the service with /InstallCounters to install them.
13920: 21:00:26.412 - Shutdown timeout enabled: 30000ms
13920: 21:00:26.412 - Starting I/O thread pool with 2 threads
13920: 21:00:26.412 - Using Standard allocator
13920: 21:00:26.412 - Max message size: 512000
13920: 21:00:26.412 - Starting business logic thread pool with the following settings
13920: 21:00:26.412 - InitialThreads: 4 threads
13920: 21:00:26.412 - MinThreads: 4 threads
13920: 21:00:26.412 - Thread pool is fixed size
13920: 21:00:26.413 - Starting ENet thread pool with the following settings
13920: 21:00:26.413 - InitialThreads: 2 threads
13920: 21:00:26.413 - MinThreads: 2 threads
13920: 21:00:26.413 - Thread pool is fixed size
13920: 21:00:26.413 - OnlyDispatchTimers: False
13920: 21:00:26.413 - S2S: flow control: Max pending writes: 50
13920: 21:00:26.413 - S2S: flow control: Max queued buffers: 200
13920: 21:00:26.413 - S2S: flow control: Max pending writes MUX: 500
13920: 21:00:26.413 - S2S: flow control: Max queued buffers MUX: 2000
13920: 21:00:26.413 - S2S: MaxInboundMessageSize: 512000
13920: 21:00:26.413 - S2S: MaxOutboundMessageSize: 512000
13920: 21:00:26.413 - S2S: No inactivity timeout
13920: 21:00:26.417 - WebSocket S2S: MaxInboundMessageSize: 512000
13920: 21:00:26.417 - WebSocket S2S: MaxOutboundMessageSize: 512000
13920: 21:00:26.417 - WebSocket S2S: No inactivity timeout
13920: 21:00:26.417 - Max Reliable Data In Transit (awaiting ACKs) per peer : 51200 bytes
13920: 21:00:26.417 - Per peer bandwidth limit
13920: 21:00:26.417 - Transmit Rate Limit: 256 KB/Sec
13920: 21:00:26.417 - Limit period: 200ms
13920: 21:00:26.417 - Limit per period: 52428 bytes
13920: 21:00:26.417 - Max queued data for transmission per peer: 512000 bytes
13920: 21:00:26.417 - Minimum retransmit timeout: 200
13920: 21:00:26.417 - No Maximum retransmit timeout
13920: 21:00:26.417 - Minimum ENet timeout: 5000ms
13920: 21:00:26.417 - Maximum ENet timeout: 30000ms
13920: 21:00:26.417 - Max Inbound Reliable Data Queued (awaiting resends of earlier sequence numbers) per peer : 163840 bytes
13920: 21:00:26.417 - No RTT ACK adjustment timeout
13920: 21:00:26.417 - Outbound ENet: MaxInboundMessageSize: 512000
13920: 21:00:26.417 - Outbound ENet: MaxOutboundMessageSize: 512000
13920: 21:00:26.419 - GetRuntime - About to load CLR - versions available:
13920: 21:00:26.419 - v2.0.50727
13920: 21:00:26.419 - v4.0.30319
13920: 21:00:26.419 - Configuration requests: "v2.0.50727"
13920: 21:00:26.419 - About to load version: "v2.0.50727"
13920: 21:00:26.426 - About to load runtime: PhotonHostRuntime.PhotonDomainManager from PhotonHostRuntime, Culture=neutral, PublicKeyToken=02C301B61B060C4D
13920: 21:00:26.426 - CLRBaseDirectory set to "D:\Photon-OnPremise-Server-SDK_v4-0-29-11263\deploy"
13920: 21:00:26.426 - Optimising event broadcast for 20 or more peers
13920: 21:00:26.426 - Start: About to load CLR - versions available:
13920: 21:00:26.426 - v2.0.50727
13920: 21:00:26.426 - v4.0.30319
13920: 21:00:26.426 - No preference in configuration file, will load latest.
13920: 21:00:26.426 - About to load version: "v4.0.30319"
13920: 21:00:26.427 - Loaded version: "v4.0.30319"
13920: 21:00:26.558 - Photon host runtime loaded
13920: 21:00:28.751 - License is valid.
13920: 21:00:28.751 - Licensed for 100 concurrent connections.
13920: 21:00:28.751 - ENet: Max Reliable Data In Transit (awaiting ACKs) per peer : 51200 bytes
13920: 21:00:28.751 - ENet: Per peer bandwidth limit
13920: 21:00:28.751 - ENet: Transmit Rate Limit: 256 KB/Sec
13920: 21:00:28.751 - ENet: Limit period: 200ms
13920: 21:00:28.751 - ENet: Limit per period: 52428 bytes
13920: 21:00:28.751 - ENet: Max queued data for transmission per peer: 512000 bytes
13920: 21:00:28.751 - ENet: Minimum retransmit timeout: 200
13920: 21:00:28.751 - No Maximum retransmit timeout
13920: 21:00:28.751 - ENet: Minimum timeout: 5000ms
13920: 21:00:28.751 - ENet: Maximum timeout: 30000ms
13920: 21:00:28.751 - ENet: Max Inbound Reliable Data Queued (awaiting resends of earlier sequence numbers) per peer : 163840 bytes
13920: 21:00:28.751 - No RTT ACK adjustment timeout
13920: 21:00:28.751 - About to load application: MyGame1 from MyGameServer
13920: 21:00:28.751 - Auto restart is enabled for application, existing connections will be terminated during restart
13920: 21:00:28.751 - Application will restart 1000ms after the last change detected
13920: 21:00:28.751 - Application will restart if files matching the following are changed: "dll;config"
13920: 21:00:28.751 - Application will NOT restart if files matching the following are changed: "log4net.config"
13920: 21:00:28.874 - Taking reference on default app domain
13920: 21:00:28.975 - Application: "MyGame1" started in app domain: 2
13920: 21:00:28.975 - Adding TCP listener on: 0.0.0.0: 4530 with a listen backlog of: 150
13920: 21:00:28.975 - TCP inactivity timeout: 10000ms
13920: 21:00:28.975 - TCP disconnect timeout: 120000ms
13920: 21:00:28.975 - MaxInboundMessageSize: 512000
13920: 21:00:28.975 - MaxOutboundMessageSize: 512000
13920: 21:00:28.975 - Forcing all applications ids to: "MyGame1"
13920: 21:00:28.976 - Serving policy file requests from: "D:\Photon-OnPremise-Server-SDK_v4-0-29-11263\deploy\Policy\assets\socket-policy.xml"
13920: 21:00:28.976 - Forcing all applications ids to: "MyGame1"
13920: 21:00:28.976 - MaxInboundMessageSize: 512000
13920: 21:00:28.976 - MaxOutboundMessageSize: 512000
13920: 21:00:28.976 - UDP address specified as: "0.0.0.0" adding listener to each available IPv4 address
13920: 21:00:28.977 - Adding UDP listener on: 10.2.18.34: 5055 with a listen backlog of: 500
13920: 21:00:28.977 - Adding UDP listener on: 127.0.0.1: 5055 with a listen backlog of: 500
13920: 21:00:28.985 - Service is running...
