14828: 15:58:22.771 - ---
14828: 15:58:22.771 - Service: "Photon Socket Server" starting
14828: 15:58:22.771 - Config File: D:\Photon-OnPremise-Server-SDK_v4-0-29-11263\deploy\bin_Win64\PhotonServer.config
14828: 15:58:22.772 - Will produce at most: 10 crash dumps
14828: 15:58:22.772 - Service shutting down
14828: 15:58:22.773 - Service shut down complete
5396: 16:17:32.502 - ---
5396: 16:17:32.502 - Service: "Photon Socket Server" starting
5396: 16:17:32.502 - Config File: D:\Photon-OnPremise-Server-SDK_v4-0-29-11263\deploy\bin_Win64\PhotonServer.config
5396: 16:17:32.503 - Will produce at most: 10 crash dumps
5396: 16:17:32.503 - Service shutting down
5396: 16:17:32.505 - Service shut down complete
15424: 17:25:36.235 - ---
15424: 17:25:36.235 - Service: "Photon Socket Server" starting
15424: 17:25:36.235 - Config File: D:\Photon-OnPremise-Server-SDK_v4-0-29-11263\deploy\bin_Win64\PhotonServer.config
15424: 17:25:36.236 - Will produce at most: 10 crash dumps
15424: 17:25:36.236 - Service shutting down
15424: 17:25:36.238 - Service shut down complete
16560: 19:19:56.408 - ---
16560: 19:19:56.408 - Service: "Photon Socket Server" starting
16560: 19:19:56.408 - Config File: D:\Photon-OnPremise-Server-SDK_v4-0-29-11263\deploy\bin_Win64\PhotonServer.config
16560: 19:19:56.409 - Will produce at most: 10 crash dumps
16560: 19:19:56.409 - Service shutting down
16560: 19:19:56.410 - Service shut down complete
16772: 19:29:59.625 - ---
16772: 19:29:59.625 - Service: "Photon Socket Server" starting
16772: 19:29:59.625 - Config File: D:\Photon-OnPremise-Server-SDK_v4-0-29-11263\deploy\bin_Win64\PhotonServer.config
16772: 19:29:59.626 - Will produce at most: 10 crash dumps
16772: 19:29:59.626 - Service shutting down
16772: 19:29:59.627 - Service shut down complete
