90392: 08:59:28.381 - ---
90392: 08:59:28.381 - Service: "Photon Socket Server" starting
90392: 08:59:28.381 - Config File: D:\Photon-OnPremise-Server-SDK_v4-0-29-11263\deploy\bin_Win64\PhotonServer.config
90392: 08:59:28.382 - Will produce at most: 10 crash dumps
90392: 08:59:28.382 - Service shutting down
90392: 08:59:28.383 - Service shut down complete
141220: 09:44:50.106 - ---
141220: 09:44:50.106 - Service: "Photon Socket Server" starting
141220: 09:44:50.106 - Config File: D:\Photon-OnPremise-Server-SDK_v4-0-29-11263\deploy\bin_Win64\PhotonServer.config
141220: 09:44:50.107 - Will produce at most: 10 crash dumps
141220: 09:44:50.107 - Service shutting down
141220: 09:44:50.108 - Service shut down complete
90120: 13:23:14.051 - ---
90120: 13:23:14.051 - Service: "Photon Socket Server" starting
90120: 13:23:14.051 - Config File: D:\Photon-OnPremise-Server-SDK_v4-0-29-11263\deploy\bin_Win64\PhotonServer.config
90120: 13:23:14.052 - Will produce at most: 10 crash dumps
90120: 13:23:14.052 - Service shutting down
90120: 13:23:14.052 - Service shut down complete
40516: 13:41:51.095 - ---
40516: 13:41:51.095 - Service: "Photon Socket Server" starting
40516: 13:41:51.095 - Config File: D:\Photon-OnPremise-Server-SDK_v4-0-29-11263\deploy\bin_Win64\PhotonServer.config
40516: 13:41:51.096 - Will produce at most: 10 crash dumps
40516: 13:41:51.096 - Service shutting down
40516: 13:41:51.098 - Service shut down complete
70928: 13:54:18.251 - ---
70928: 13:54:18.251 - Service: "Photon Socket Server" starting
70928: 13:54:18.251 - Config File: D:\Photon-OnPremise-Server-SDK_v4-0-29-11263\deploy\bin_Win64\PhotonServer.config
70928: 13:54:18.252 - Will produce at most: 10 crash dumps
70928: 13:54:18.252 - Service shutting down
70928: 13:54:18.253 - Service shut down complete
78420: 13:56:12.949 - ---
78420: 13:56:12.949 - Service: "Photon Socket Server" starting
78420: 13:56:12.949 - Config File: D:\Photon-OnPremise-Server-SDK_v4-0-29-11263\deploy\bin_Win64\PhotonServer.config
78420: 13:56:12.950 - Will produce at most: 10 crash dumps
78420: 13:56:12.950 - Service shutting down
78420: 13:56:12.952 - Service shut down complete
86744: 20:50:06.514 - ---
86744: 20:50:06.514 - Service: "Photon Socket Server" starting
86744: 20:50:06.514 - Config File: D:\Photon-OnPremise-Server-SDK_v4-0-29-11263\deploy\bin_Win64\PhotonServer.config
86744: 20:50:06.515 - Will produce at most: 10 crash dumps
86744: 20:50:06.516 - Service shutting down
86744: 20:50:06.517 - Service shut down complete
