19536: 18:39:14.964 - ---
19536: 18:39:14.964 - Service: "Photon Socket Server" starting
19536: 18:39:14.965 - Config File: D:\Photon-OnPremise-Server-SDK_v4-0-29-11263\deploy\bin_Win64\PhotonServer.config
19536: 18:39:14.966 - Will produce at most: 10 crash dumps
19536: 18:39:14.966 - Service shutting down
19536: 18:39:14.966 - Service shut down complete
14740: 18:59:39.552 - ---
14740: 18:59:39.552 - Service: "Photon Socket Server" starting
14740: 18:59:39.552 - Config File: D:\Photon-OnPremise-Server-SDK_v4-0-29-11263\deploy\bin_Win64\PhotonServer.config
14740: 18:59:39.553 - Will produce at most: 10 crash dumps
14740: 18:59:39.554 - Service shutting down
14740: 18:59:39.554 - Service shut down complete
21176: 21:33:07.584 - ---
21176: 21:33:07.584 - Service: "Photon Socket Server" starting
21176: 21:33:07.584 - Config File: D:\Photon-OnPremise-Server-SDK_v4-0-29-11263\deploy\bin_Win64\PhotonServer.config
21176: 21:33:07.585 - Will produce at most: 10 crash dumps
21176: 21:33:07.585 - Service shutting down
21176: 21:33:07.586 - Service shut down complete
16748: 21:46:08.018 - ---
16748: 21:46:08.018 - Service: "Photon Socket Server" starting
16748: 21:46:08.018 - Config File: D:\Photon-OnPremise-Server-SDK_v4-0-29-11263\deploy\bin_Win64\PhotonServer.config
16748: 21:46:08.019 - Will produce at most: 10 crash dumps
16748: 21:46:08.019 - Service shutting down
16748: 21:46:08.020 - Service shut down complete
