33964: 21:39:28.460 - ---
33964: 21:39:28.460 - Service: "Photon Socket Server" starting
33964: 21:39:28.460 - Config File: D:\Photon-OnPremise-Server-SDK_v4-0-29-11263\deploy\bin_Win64\PhotonServer.config
33964: 21:39:28.461 - Will produce at most: 10 crash dumps
33964: 21:39:28.461 - Service shutting down
33964: 21:39:28.462 - Service shut down complete
31704: 21:42:27.241 - ---
31704: 21:42:27.241 - Service: "Photon Socket Server" starting
31704: 21:42:27.241 - Config File: D:\Photon-OnPremise-Server-SDK_v4-0-29-11263\deploy\bin_Win64\PhotonServer.config
31704: 21:42:27.242 - Will produce at most: 10 crash dumps
31704: 21:42:27.242 - Service shutting down
31704: 21:42:27.244 - Service shut down complete
41476: 21:44:49.560 - ---
41476: 21:44:49.560 - Service: "Photon Socket Server" starting
41476: 21:44:49.560 - Config File: D:\Photon-OnPremise-Server-SDK_v4-0-29-11263\deploy\bin_Win64\PhotonServer.config
41476: 21:44:49.561 - Will produce at most: 10 crash dumps
41476: 21:44:49.562 - Service shutting down
41476: 21:44:49.563 - Service shut down complete
35756: 21:46:28.769 - ---
35756: 21:46:28.769 - Service: "Photon Socket Server" starting
35756: 21:46:28.769 - Config File: D:\Photon-OnPremise-Server-SDK_v4-0-29-11263\deploy\bin_Win64\PhotonServer.config
35756: 21:46:28.771 - Will produce at most: 10 crash dumps
35756: 21:46:28.771 - Service shutting down
35756: 21:46:28.772 - Service shut down complete
53536: 21:57:52.345 - ---
53536: 21:57:52.345 - Service: "Photon Socket Server" starting
53536: 21:57:52.345 - Config File: D:\Photon-OnPremise-Server-SDK_v4-0-29-11263\deploy\bin_Win64\PhotonServer.config
53536: 21:57:52.346 - Will produce at most: 10 crash dumps
53536: 21:57:52.346 - Service shutting down
53536: 21:57:52.347 - Service shut down complete
56996: 21:58:46.570 - ---
56996: 21:58:46.570 - Service: "Photon Socket Server" starting
56996: 21:58:46.570 - Config File: D:\Photon-OnPremise-Server-SDK_v4-0-29-11263\deploy\bin_Win64\PhotonServer.config
56996: 21:58:46.572 - Will produce at most: 10 crash dumps
56996: 21:58:46.572 - Service shutting down
56996: 21:58:46.576 - Service shut down complete
