65136: 15:50:58.952 - Service is stopped...
65136: 15:50:59.543 - Server shutting down...
65136: 15:50:59.543 - Shutdown monitoring enabled, 30000ms before process abort
65136: 15:50:59.557 - Notifying CLR applications of shutdown...
65136: 15:50:59.704 - RequestApplicationStop: 2
65136: 15:51:01.930 - RequestStop: defalt app domain
65136: 15:51:02.115 - Shutting down WebSocket Outbound Connection Manager...
65136: 15:51:02.125 - Shutting down TCP Outbound Connection Manager...
65136: 15:51:02.126 - Shutting down ENet Outbound Connection Manager...
65136: 15:51:02.127 - Disconnecting all outbound peers...
65136: 15:51:02.128 - Shutting down ENet host...
65136: 15:51:02.128 - Disconnecting all peers...
65136: 15:51:02.128 - Shutting down socket servers...
65136: 15:51:02.128 - Shutting down ENet thread pool...
65136: 15:51:02.180 - Shutting down TCP inactivity timers...
65136: 15:51:02.214 - WaitingForShutdownToComplete: TCP:0.0.0.0:4530
65136: 15:51:02.214 - OnShutdownCompleted: TCP:0.0.0.0:4530
65136: 15:51:02.214 - WaitingForShutdownToComplete: UDP:10.2.18.34:5055
65136: 15:51:02.214 - OnShutdownCompleted: UDP:10.2.18.34:5055
65136: 15:51:02.214 - WaitingForShutdownToComplete: UDP:127.0.0.1:5055
65136: 15:51:02.214 - OnShutdownCompleted: UDP:127.0.0.1:5055
65136: 15:51:02.215 - Shutting down CLR applications...
65136: 15:51:02.259 - Shutting down business logic thread pool...
62408: 15:51:02.284 - CManagedHost::OnDefaultAction() - OPR_AppDomainUnload - eUnloadAppDomain
65136: 15:51:02.295 - Shutting down I/O thread pool...
65136: 15:51:02.295 - Destroying servers
65136: 15:51:02.452 - Destroying WebSocket Outbound Connection Manager
65136: 15:51:02.525 - Destroying TCP Outbound Connection Manager
65136: 15:51:02.525 - Destroying TCP inactivity timer
65136: 15:51:02.525 - Destroying ENet timer wheel
65136: 15:51:02.558 - Destroying ENet host
65136: 15:51:02.564 - Destroying ENet outbound host
65136: 15:51:02.564 - Destroying HTTP inactivity timer
65136: 15:51:02.564 - Destroying HTTP host
65136: 15:51:02.564 - Destroying HTTP Chunk host
65136: 15:51:02.564 - Flushing ENET buffer allocator...
65136: 15:51:02.672 - Flushing TCP buffer handle allocator...
65136: 15:51:02.672 - Flushing stream socket allocator...
65136: 15:51:02.672 - Flushing inbound datagram socket allocator...
65136: 15:51:02.708 - Flushing outbound datagram socket allocator...
65136: 15:51:02.708 - Destroying CLR dispatcher
65136: 15:51:02.708 - Destroying CLR applications
65136: 15:51:02.747 - ~CCLRApplicationCollection() - Waiting up to 10 seconds for the CLR to release all of our objects
63712: 15:51:02.810 - Unloading Domain: ApplicationName = 'MyGame1', DomainId='2'
62408: 15:51:03.899 - CManagedHost::OnDomainUnload() - 2
65136: 15:51:04.247 - ~CCLRApplicationCollection() - Done. All objects released
65136: 15:51:04.247 - ~CManagedHost() - Release default app domain
65136: 15:51:04.247 - CManagedHost::OnDomainUnload() - 1
65136: 15:51:04.247 - ~CManagedHost() - Waiting up to 10 seconds for CLR shutdown...
65136: 15:51:04.286 - ~CManagedHost
65136: 15:51:04.286 - Destroying ENet thread pool
65136: 15:51:04.286 - Destroying Business logic thread pool
65136: 15:51:04.286 - Destroying I/O thread pool
65136: 15:51:04.286 - Destroying ENet buffer allocator
65136: 15:51:04.286 - Destroying TCP buffer allocator
65136: 15:51:04.286 - Destroying TCP socket allocator
65136: 15:51:04.286 - Destroying ENet inbound socket allocator
65136: 15:51:04.286 - Destroying ENet outbound socket allocator
65136: 15:51:04.286 - Destroying shared datagram flow control data
65136: 15:51:04.356 - Shutdown complete...
65136: 15:51:04.356 - Service shutting down
65136: 15:51:04.432 - Service shut down complete
